<?xml version="1.0" encoding="UTF-8"?>
<testsuite xmlns:xsi="http://www.w3.org/2001/XMLSchema-instance" xsi:noNamespaceSchemaLocation="https://maven.apache.org/surefire/maven-surefire-plugin/xsd/surefire-test-report.xsd" version="3.0.2" name="Login Feature" time="12.049" tests="1" errors="0" skipped="0" failures="0">
  <properties>
[...]
</properties>
  <testcase name="Validate Successful Login With Valid Credentials" classname="Login Feature" time="11.999">
    <system-out><![CDATA[
@Sanity @Regression
Scenario: Validate Successful Login With Valid Credentials                      # Features/login.feature:9
  Given User Launch chrome browser                                              # stepDefinition.LoginSteps.openBrowser()
  When User opens URL "https://magento.softwaretestingboard.com"                # stepDefinition.LoginSteps.openUrl(java.lang.String)
  And User Click on SignIn link                                                 # stepDefinition.LoginSteps.clickOnSignInButton(Driver closed
]]></system-out>
    <system-err><![CDATA[SLF4J(W): No SLF4J providers were found.
SLF4J(W): Defaulting to no-operation (NOP) logger implementation
SLF4J(W): See https://www.slf4j.org/codes.html#noProviders for further details.
]]></system-err>
  </testcase>
</testsuite>